<?xml version="1.0" encoding="UTF-8"?>
<coverage generated="1585175597887" clover="3.2.0">
  <project timestamp="1585175597887" name="All files">
    <metrics statements="4" coveredstatements="4" conditionals="2" coveredconditionals="2" methods="1" coveredmethods="1" elements="7" coveredelements="7" complexity="0" loc="4" ncloc="4" packages="1" files="1" classes="1"/>
    <file name="find.js" path="C:\xampp\htdocs\fdaciuk\reactninja\Module#02\09-29-TDD_Training\src\find\find.js">
      <metrics statements="4" coveredstatements="4" conditionals="2" coveredconditionals="2" methods="1" coveredmethods="1"/>
      <line num="3" count="1" type="stmt"/>
      <line num="4" count="5" type="stmt"/>
      <line num="5" count="11" type="cond" truecount="2" falsecount="0"/>
      <line num="6" count="4" type="stmt"/>
    </file>
  </project>
</coverage>
