{"C:\\xampp\\htdocs\\fdaciuk\\reactninja\\Module#02\\09-29-TDD_Training\\src\\map\\map.js": {"path":"C:\\xampp\\htdocs\\fdaciuk\\reactninja\\Module#02\\09-29-TDD_Training\\src\\map\\map.js","statementMap":{"0":{"start":{"line":5,"column":45},"end":{"line":5,"column":49}},"1":{"start":{"line":6,"column":2},"end":{"line":7,"column":63}},"2":{"start":{"line":7,"column":4},"end":{"line":7,"column":63}},"3":{"start":{"line":9,"column":2},"end":{"line":10,"column":66}},"4":{"start":{"line":10,"column":4},"end":{"line":10,"column":66}},"5":{"start":{"line":12,"column":15},"end":{"line":12,"column":17}},"6":{"start":{"line":13,"column":2},"end":{"line":15,"column":3}},"7":{"start":{"line":13,"column":15},"end":{"line":13,"column":16}},"8":{"start":{"line":14,"column":4},"end":{"line":14,"column":41}},"9":{"start":{"line":16,"column":2},"end":{"line":16,"column":15}}},"fnMap":{"0":{"name":"(anonymous_0)","decl":{"start":{"line":5,"column":15},"end":{"line":5,"column":16}},"loc":{"start":{"line":5,"column":54},"end":{"line":17,"column":1}},"line":5},"1":{"name":"(anonymous_1)","decl":{"start":{"line":5,"column":35},"end":{"line":5,"column":36}},"loc":{"start":{"line":5,"column":45},"end":{"line":5,"column":49}},"line":5}},"branchMap":{"0":{"loc":{"start":{"line":5,"column":16},"end":{"line":5,"column":26}},"type":"default-arg","locations":[{"start":{"line":5,"column":24},"end":{"line":5,"column":26}}],"line":5},"1":{"loc":{"start":{"line":5,"column":28},"end":{"line":5,"column":49}},"type":"default-arg","locations":[{"start":{"line":5,"column":35},"end":{"line":5,"column":49}}],"line":5},"2":{"loc":{"start":{"line":6,"column":2},"end":{"line":7,"column":63}},"type":"if","locations":[{"start":{"line":6,"column":2},"end":{"line":7,"column":63}},{"start":{"line":6,"column":2},"end":{"line":7,"column":63}}],"line":6},"3":{"loc":{"start":{"line":9,"column":2},"end":{"line":10,"column":66}},"type":"if","locations":[{"start":{"line":9,"column":2},"end":{"line":10,"column":66}},{"start":{"line":9,"column":2},"end":{"line":10,"column":66}}],"line":9}},"s":{"0":2,"1":13,"2":2,"3":11,"4":2,"5":9,"6":9,"7":9,"8":15,"9":9},"f":{"0":13,"1":2},"b":{"0":[1],"1":[4],"2":[2,11],"3":[2,9]},"_coverageSchema":"1a1c01bbd47fc00a2c39e90264f33305004495a9","hash":"5d5cd891c290e66088468389dd7a0b03111d5b43"}
}
