{"C:\\xampp\\htdocs\\fdaciuk\\reactninja\\Module#02\\09-29-TDD_Training\\src\\reduce\\main-reduce-recursive.js": {"path":"C:\\xampp\\htdocs\\fdaciuk\\reactninja\\Module#02\\09-29-TDD_Training\\src\\reduce\\main-reduce-recursive.js","statementMap":{"0":{"start":{"line":3,"column":32},"end":{"line":3,"column":74}},"1":{"start":{"line":3,"column":48},"end":{"line":3,"column":74}},"2":{"start":{"line":5,"column":19},"end":{"line":16,"column":1}},"3":{"start":{"line":5,"column":47},"end":{"line":5,"column":57}},"4":{"start":{"line":6,"column":14},"end":{"line":6,"column":75}},"5":{"start":{"line":7,"column":18},"end":{"line":7,"column":76}},"6":{"start":{"line":9,"column":2},"end":{"line":15,"column":21}},"7":{"start":{"line":10,"column":28},"end":{"line":10,"column":39}},"8":{"start":{"line":11,"column":20},"end":{"line":11,"column":67}},"9":{"start":{"line":11,"column":26},"end":{"line":11,"column":67}},"10":{"start":{"line":12,"column":4},"end":{"line":14,"column":56}}},"fnMap":{"0":{"name":"(anonymous_0)","decl":{"start":{"line":3,"column":32},"end":{"line":3,"column":33}},"loc":{"start":{"line":3,"column":48},"end":{"line":3,"column":74}},"line":3},"1":{"name":"(anonymous_1)","decl":{"start":{"line":5,"column":19},"end":{"line":5,"column":20}},"loc":{"start":{"line":5,"column":76},"end":{"line":16,"column":1}},"line":5},"2":{"name":"(anonymous_2)","decl":{"start":{"line":5,"column":32},"end":{"line":5,"column":33}},"loc":{"start":{"line":5,"column":47},"end":{"line":5,"column":57}},"line":5},"3":{"name":"mainReduceInternal","decl":{"start":{"line":9,"column":19},"end":{"line":9,"column":37}},"loc":{"start":{"line":9,"column":73},"end":{"line":15,"column":3}},"line":9},"4":{"name":"(anonymous_4)","decl":{"start":{"line":11,"column":20},"end":{"line":11,"column":21}},"loc":{"start":{"line":11,"column":26},"end":{"line":11,"column":67}},"line":11}},"branchMap":{"0":{"loc":{"start":{"line":5,"column":25},"end":{"line":5,"column":57}},"type":"default-arg","locations":[{"start":{"line":5,"column":32},"end":{"line":5,"column":57}}],"line":5},"1":{"loc":{"start":{"line":6,"column":14},"end":{"line":6,"column":75}},"type":"cond-expr","locations":[{"start":{"line":6,"column":54},"end":{"line":6,"column":60}},{"start":{"line":6,"column":63},"end":{"line":6,"column":75}}],"line":6},"2":{"loc":{"start":{"line":7,"column":18},"end":{"line":7,"column":76}},"type":"cond-expr","locations":[{"start":{"line":7,"column":58},"end":{"line":7,"column":70}},{"start":{"line":7,"column":73},"end":{"line":7,"column":76}}],"line":7},"3":{"loc":{"start":{"line":12,"column":11},"end":{"line":14,"column":56}},"type":"cond-expr","locations":[{"start":{"line":13,"column":8},"end":{"line":13,"column":19}},{"start":{"line":14,"column":8},"end":{"line":14,"column":56}}],"line":12}},"s":{"0":1,"1":16,"2":1,"3":5,"4":8,"5":8,"6":8,"7":33,"8":33,"9":25,"10":33},"f":{"0":16,"1":8,"2":5,"3":33,"4":25},"b":{"0":[2],"1":[2,6],"2":[2,6],"3":[8,25]},"_coverageSchema":"1a1c01bbd47fc00a2c39e90264f33305004495a9","hash":"dc992a2db642b3e61ec5ef75d4cfdd076ea3e975"}
,"C:\\xampp\\htdocs\\fdaciuk\\reactninja\\Module#02\\09-29-TDD_Training\\src\\reduce\\main-reduce.js": {"path":"C:\\xampp\\htdocs\\fdaciuk\\reactninja\\Module#02\\09-29-TDD_Training\\src\\reduce\\main-reduce.js","statementMap":{"0":{"start":{"line":3,"column":19},"end":{"line":16,"column":1}},"1":{"start":{"line":3,"column":47},"end":{"line":3,"column":57}},"2":{"start":{"line":4,"column":12},"end":{"line":4,"column":24}},"3":{"start":{"line":5,"column":16},"end":{"line":5,"column":19}},"4":{"start":{"line":7,"column":2},"end":{"line":10,"column":3}},"5":{"start":{"line":8,"column":4},"end":{"line":8,"column":16}},"6":{"start":{"line":9,"column":4},"end":{"line":9,"column":26}},"7":{"start":{"line":12,"column":2},"end":{"line":14,"column":3}},"8":{"start":{"line":12,"column":15},"end":{"line":12,"column":16}},"9":{"start":{"line":13,"column":4},"end":{"line":13,"column":43}},"10":{"start":{"line":15,"column":2},"end":{"line":15,"column":12}}},"fnMap":{"0":{"name":"(anonymous_0)","decl":{"start":{"line":3,"column":19},"end":{"line":3,"column":20}},"loc":{"start":{"line":3,"column":76},"end":{"line":16,"column":1}},"line":3},"1":{"name":"(anonymous_1)","decl":{"start":{"line":3,"column":32},"end":{"line":3,"column":33}},"loc":{"start":{"line":3,"column":47},"end":{"line":3,"column":57}},"line":3}},"branchMap":{"0":{"loc":{"start":{"line":3,"column":25},"end":{"line":3,"column":57}},"type":"default-arg","locations":[{"start":{"line":3,"column":32},"end":{"line":3,"column":57}}],"line":3},"1":{"loc":{"start":{"line":7,"column":2},"end":{"line":10,"column":3}},"type":"if","locations":[{"start":{"line":7,"column":2},"end":{"line":10,"column":3}},{"start":{"line":7,"column":2},"end":{"line":10,"column":3}}],"line":7}},"s":{"0":1,"1":5,"2":8,"3":8,"4":8,"5":2,"6":2,"7":8,"8":8,"9":25,"10":8},"f":{"0":8,"1":5},"b":{"0":[2],"1":[2,6]},"_coverageSchema":"1a1c01bbd47fc00a2c39e90264f33305004495a9","hash":"2bfc767a4749d11862bae654ae630e912c12126f"}
,"C:\\xampp\\htdocs\\fdaciuk\\reactninja\\Module#02\\09-29-TDD_Training\\src\\reduce\\reduce-recursive.js": {"path":"C:\\xampp\\htdocs\\fdaciuk\\reactninja\\Module#02\\09-29-TDD_Training\\src\\reduce\\reduce-recursive.js","statementMap":{"0":{"start":{"line":5,"column":15},"end":{"line":5,"column":25}}},"fnMap":{},"branchMap":{},"s":{"0":1},"f":{},"b":{},"_coverageSchema":"1a1c01bbd47fc00a2c39e90264f33305004495a9","hash":"acae77b8892d88e87011492f954005fd01f4e42e"}
,"C:\\xampp\\htdocs\\fdaciuk\\reactninja\\Module#02\\09-29-TDD_Training\\src\\reduce\\reduce.js": {"path":"C:\\xampp\\htdocs\\fdaciuk\\reactninja\\Module#02\\09-29-TDD_Training\\src\\reduce\\reduce.js","statementMap":{"0":{"start":{"line":5,"column":15},"end":{"line":5,"column":25}}},"fnMap":{},"branchMap":{},"s":{"0":1},"f":{},"b":{},"_coverageSchema":"1a1c01bbd47fc00a2c39e90264f33305004495a9","hash":"140824f5a91dd4d3e91cf8f8cf705bb5ae67c0fe"}
,"C:\\xampp\\htdocs\\fdaciuk\\reactninja\\Module#02\\09-29-TDD_Training\\src\\reduce\\reduceRight-recursive.js": {"path":"C:\\xampp\\htdocs\\fdaciuk\\reactninja\\Module#02\\09-29-TDD_Training\\src\\reduce\\reduceRight-recursive.js","statementMap":{"0":{"start":{"line":6,"column":20},"end":{"line":6,"column":75}},"1":{"start":{"line":6,"column":40},"end":{"line":6,"column":75}}},"fnMap":{"0":{"name":"(anonymous_0)","decl":{"start":{"line":6,"column":20},"end":{"line":6,"column":21}},"loc":{"start":{"line":6,"column":40},"end":{"line":6,"column":75}},"line":6}},"branchMap":{},"s":{"0":1,"1":1},"f":{"0":1},"b":{},"_coverageSchema":"1a1c01bbd47fc00a2c39e90264f33305004495a9","hash":"f789fae8d0ee4a8f3dcc03610c98e106d5cc4d46"}
,"C:\\xampp\\htdocs\\fdaciuk\\reactninja\\Module#02\\09-29-TDD_Training\\src\\reduce\\reduceRight.js": {"path":"C:\\xampp\\htdocs\\fdaciuk\\reactninja\\Module#02\\09-29-TDD_Training\\src\\reduce\\reduceRight.js","statementMap":{"0":{"start":{"line":6,"column":20},"end":{"line":6,"column":75}},"1":{"start":{"line":6,"column":40},"end":{"line":6,"column":75}}},"fnMap":{"0":{"name":"(anonymous_0)","decl":{"start":{"line":6,"column":20},"end":{"line":6,"column":21}},"loc":{"start":{"line":6,"column":40},"end":{"line":6,"column":75}},"line":6}},"branchMap":{},"s":{"0":1,"1":1},"f":{"0":1},"b":{},"_coverageSchema":"1a1c01bbd47fc00a2c39e90264f33305004495a9","hash":"e82fa38ead73a12527b9ffa62ee32117e7cdf76a"}
}
