TN:
SF:src\reduce\main-reduce-recursive.js
FN:3,(anonymous_0)
FN:5,(anonymous_1)
FN:5,(anonymous_2)
FN:9,mainReduceInternal
FN:11,(anonymous_4)
FNF:5
FNH:5
FNDA:16,(anonymous_0)
FNDA:8,(anonymous_1)
FNDA:5,(anonymous_2)
FNDA:33,mainReduceInternal
FNDA:25,(anonymous_4)
DA:3,16
DA:5,5
DA:6,8
DA:7,8
DA:9,8
DA:10,33
DA:11,33
DA:12,33
LF:8
LH:8
BRDA:5,0,0,2
BRDA:6,1,0,2
BRDA:6,1,1,6
BRDA:7,2,0,2
BRDA:7,2,1,6
BRDA:12,3,0,8
BRDA:12,3,1,25
BRF:7
BRH:7
end_of_record
TN:
SF:src\reduce\main-reduce.js
FN:3,(anonymous_0)
FN:3,(anonymous_1)
FNF:2
FNH:2
FNDA:8,(anonymous_0)
FNDA:5,(anonymous_1)
DA:3,5
DA:4,8
DA:5,8
DA:7,8
DA:8,2
DA:9,2
DA:12,8
DA:13,25
DA:15,8
LF:9
LH:9
BRDA:3,0,0,2
BRDA:7,1,0,2
BRDA:7,1,1,6
BRF:3
BRH:3
end_of_record
TN:
SF:src\reduce\reduce-recursive.js
FNF:0
FNH:0
DA:5,1
LF:1
LH:1
BRF:0
BRH:0
end_of_record
TN:
SF:src\reduce\reduce.js
FNF:0
FNH:0
DA:5,1
LF:1
LH:1
BRF:0
BRH:0
end_of_record
TN:
SF:src\reduce\reduceRight-recursive.js
FN:6,(anonymous_0)
FNF:1
FNH:1
FNDA:1,(anonymous_0)
DA:6,1
LF:1
LH:1
BRF:0
BRH:0
end_of_record
TN:
SF:src\reduce\reduceRight.js
FN:6,(anonymous_0)
FNF:1
FNH:1
FNDA:1,(anonymous_0)
DA:6,1
LF:1
LH:1
BRF:0
BRH:0
end_of_record
